Using device: cuda
GPU Memory: 25.3 GB
Files already downloaded and verified
Epoch 1 loss: 3.986276
Epoch 2 loss: 3.567210
Epoch 3 loss: 3.267650
Epoch 4 loss: 2.992909
Epoch 5 loss: 2.696986
Epoch 6 loss: 2.656286
Epoch 7 loss: 2.576630
Epoch 8 loss: 2.261042
Epoch 9 loss: 2.022300
Epoch 10 loss: 2.024175
Epoch 11 loss: 1.937995
Epoch 12 loss: 1.709202
Epoch 13 loss: 1.812575
Epoch 14 loss: 1.635774
Epoch 15 loss: 1.460674
Epoch 16 loss: 1.450928
Epoch 17 loss: 1.287758
Epoch 18 loss: 1.238145
Epoch 19 loss: 1.187773
Epoch 20 loss: 1.105018
---
loss:             1.105018
training_seconds: 300.6
total_seconds:    300.6
peak_vram_mb:     3390.4
num_steps:        3396
num_params_M:     11.22
