Using device: cuda
GPU Memory: 25.3 GB
Files already downloaded and verified
Starting Epoch 1
Batch 0/88, Loss: 4.7832
Batch 50/88, Loss: 4.0559
Epoch 1 - Training Loss: 4.1452, Validation Loss: 3.8239
Starting Epoch 2
Batch 0/88, Loss: 3.7732
Batch 50/88, Loss: 3.5290
Epoch 2 - Training Loss: 3.6281, Validation Loss: 3.4650
Starting Epoch 3
Batch 0/88, Loss: 3.3887
Batch 50/88, Loss: 3.2846
Epoch 3 - Training Loss: 3.2244, Validation Loss: 4.0132
Starting Epoch 4
Batch 0/88, Loss: 3.1031
Batch 50/88, Loss: 2.9524
Epoch 4 - Training Loss: 2.8740, Validation Loss: 4.8216
Starting Epoch 5
Batch 0/88, Loss: 2.7709
Batch 50/88, Loss: 2.6032
Epoch 5 - Training Loss: 2.5934, Validation Loss: 3.2967
Starting Epoch 6
Batch 0/88, Loss: 2.4028
Batch 50/88, Loss: 2.2881
Epoch 6 - Training Loss: 2.3784, Validation Loss: 2.4963
Starting Epoch 7
Batch 0/88, Loss: 2.3184
Batch 50/88, Loss: 2.2451
Epoch 7 - Training Loss: 2.2069, Validation Loss: 3.3926
Starting Epoch 8
Batch 0/88, Loss: 2.1221
Batch 50/88, Loss: 2.1326
Epoch 8 - Training Loss: 2.0626, Validation Loss: 2.2677
Starting Epoch 9
Batch 0/88, Loss: 1.8277
Batch 50/88, Loss: 1.9383
Epoch 9 - Training Loss: 1.9286, Validation Loss: 2.9036
Starting Epoch 10
Batch 0/88, Loss: 1.7914
Batch 50/88, Loss: 1.8860
Epoch 10 - Training Loss: 1.8125, Validation Loss: 2.8764
Starting Epoch 11
Batch 0/88, Loss: 1.5923
Batch 50/88, Loss: 1.8727
Epoch 11 - Training Loss: 1.7070, Validation Loss: 2.4276
Starting Epoch 12
Batch 0/88, Loss: 1.6693
Batch 50/88, Loss: 1.5811
Epoch 12 - Training Loss: 1.6169, Validation Loss: 2.1568
Starting Epoch 13
Batch 0/88, Loss: 1.6049
Batch 50/88, Loss: 1.5050
Epoch 13 - Training Loss: 1.5119, Validation Loss: 1.9164
Starting Epoch 14
Batch 0/88, Loss: 1.2590
Batch 50/88, Loss: 1.4076
Epoch 14 - Training Loss: 1.4260, Validation Loss: 1.8446
Starting Epoch 15
Batch 0/88, Loss: 1.1987
Batch 50/88, Loss: 1.3709
Epoch 15 - Training Loss: 1.3733, Validation Loss: 1.9757
Starting Epoch 16
Batch 0/88, Loss: 1.2870
Batch 50/88, Loss: 1.4366
Epoch 16 - Training Loss: 1.3013, Validation Loss: 2.0080
Starting Epoch 17
Batch 0/88, Loss: 1.1738
Batch 50/88, Loss: 1.1919
Epoch 17 - Training Loss: 1.2513, Validation Loss: 1.7969
Starting Epoch 18
Batch 0/88, Loss: 1.0529
Batch 50/88, Loss: 1.0931
Epoch 18 - Training Loss: 1.1794, Validation Loss: 1.7096
Starting Epoch 19
Batch 0/88, Loss: 1.1178
Batch 50/88, Loss: 1.1532
Epoch 19 - Training Loss: 1.1360, Validation Loss: 1.6076
Starting Epoch 20
Batch 0/88, Loss: 0.9889
Batch 50/88, Loss: 1.0709
Epoch 20 - Training Loss: 1.0779, Validation Loss: 1.7370
Starting Epoch 21
Batch 0/88, Loss: 1.0052
Batch 50/88, Loss: 1.0809
Epoch 21 - Training Loss: 1.0168, Validation Loss: 1.6747
Time limit reached, stopping training.

---
loss:          1.607644
training_seconds: 295.5
total_seconds:    298.5
peak_vram_mb:     6140.1
num_steps:        1824
num_params_M:     0.8
