Using device: cuda
GPU Memory: 25.3 GB
Files already downloaded and verified
Starting Epoch 1
Batch 0/88, Loss: 4.6884
Batch 50/88, Loss: 4.0911
Epoch 1 - Training Loss: 4.1462, Validation Loss: 3.8430
Starting Epoch 2
Batch 0/88, Loss: 3.7969
Batch 50/88, Loss: 3.5891
Epoch 2 - Training Loss: 3.6444, Validation Loss: 3.4937
Starting Epoch 3
Batch 0/88, Loss: 3.4705
Batch 50/88, Loss: 3.1734
Epoch 3 - Training Loss: 3.2608, Validation Loss: 4.2742
Starting Epoch 4
Batch 0/88, Loss: 3.0109
Batch 50/88, Loss: 2.8626
Epoch 4 - Training Loss: 2.9104, Validation Loss: 4.5139
Starting Epoch 5
Batch 0/88, Loss: 2.6770
Batch 50/88, Loss: 2.6381
Epoch 5 - Training Loss: 2.6449, Validation Loss: 2.9762
Starting Epoch 6
Batch 0/88, Loss: 2.5064
Batch 50/88, Loss: 2.4715
Epoch 6 - Training Loss: 2.4254, Validation Loss: 3.1473
Starting Epoch 7
Batch 0/88, Loss: 2.2330
Batch 50/88, Loss: 2.2166
Epoch 7 - Training Loss: 2.2495, Validation Loss: 2.6929
Starting Epoch 8
Batch 0/88, Loss: 2.0293
Batch 50/88, Loss: 2.1317
Epoch 8 - Training Loss: 2.0998, Validation Loss: 2.7071
Starting Epoch 9
Batch 0/88, Loss: 2.0028
Batch 50/88, Loss: 1.9404
Epoch 9 - Training Loss: 1.9726, Validation Loss: 2.2967
Starting Epoch 10
Batch 0/88, Loss: 1.8272
Batch 50/88, Loss: 1.8545
Epoch 10 - Training Loss: 1.8454, Validation Loss: 2.4975
Starting Epoch 11
Batch 0/88, Loss: 1.7381
Batch 50/88, Loss: 1.7639
Epoch 11 - Training Loss: 1.7429, Validation Loss: 2.0987
Starting Epoch 12
Batch 0/88, Loss: 1.4565
Batch 50/88, Loss: 1.6869
Epoch 12 - Training Loss: 1.6418, Validation Loss: 1.9811
Starting Epoch 13
Batch 0/88, Loss: 1.6145
Batch 50/88, Loss: 1.5857
Epoch 13 - Training Loss: 1.5400, Validation Loss: 1.8333
Starting Epoch 14
Batch 0/88, Loss: 1.4596
Batch 50/88, Loss: 1.4741
Epoch 14 - Training Loss: 1.4643, Validation Loss: 1.9507
Starting Epoch 15
Batch 0/88, Loss: 1.3129
Batch 50/88, Loss: 1.4255
Epoch 15 - Training Loss: 1.3920, Validation Loss: 2.1277
Starting Epoch 16
Batch 0/88, Loss: 1.3518
Batch 50/88, Loss: 1.3806
Epoch 16 - Training Loss: 1.3062, Validation Loss: 1.8907
Starting Epoch 17
Batch 0/88, Loss: 1.1816
Batch 50/88, Loss: 1.2815
Epoch 17 - Training Loss: 1.2622, Validation Loss: 1.7442
Starting Epoch 18
Batch 0/88, Loss: 1.1835
Batch 50/88, Loss: 1.2585
Epoch 18 - Training Loss: 1.2000, Validation Loss: 1.9350
Starting Epoch 19
Batch 0/88, Loss: 1.0897
Batch 50/88, Loss: 1.1165
Epoch 19 - Training Loss: 1.1426, Validation Loss: 1.7547
Starting Epoch 20
Batch 0/88, Loss: 1.1045
Batch 50/88, Loss: 1.0902
Epoch 20 - Training Loss: 1.0871, Validation Loss: 1.5436
Starting Epoch 21
Batch 0/88, Loss: 0.9989
Batch 50/88, Loss: 1.0849
Epoch 21 - Training Loss: 1.0379, Validation Loss: 1.7630
Time limit reached, stopping training.

---
loss:          1.543636
training_seconds: 295.5
total_seconds:    298.5
peak_vram_mb:     6140.1
num_steps:        1824
num_params_M:     0.8
